Listening to 62.113.109.122: 80
user connected to socket
user connected to socket
user connected to socket
user connected to socket
user connected to socket
user connected to socket
admin adminpassword
successful login
user connected to socket
user connected to socket
user connected to socket
user1 1234
successful login
user1 1234
successful login
user connected to socket
admin adminpassword
successful login
user connected to socket
user connected to socket
{"username":"admin","text":"гкфдв","time":"2022-09-08T18:37:35.259Z"}
last message number: 1
{"username":"admin","text":"сарапул.нет","time":"2022-09-08T18:37:46.451Z"}
last message number: 2
{"username":"user2","text":"хелло","time":"2022-09-08T18:37:55.061Z"}
last message number: 1
{"username":"user2","text":"хелло","time":"2022-09-08T18:37:56.610Z"}
last message number: 2
{"username":"user2","text":"хелло","time":"2022-09-08T18:37:57.301Z"}
last message number: 3
{"username":"admin","text":"привет из ижевска","time":"2022-09-08T18:38:14.179Z"}
last message number: 3
{"username":"admin","text":"привет из ижевска","time":"2022-09-08T18:38:15.899Z"}
last message number: 4
user3 9012
successful login
user connected to socket
user connected to socket
user connected to socket
{"username":"user3","text":"привет из москвы","time":"2022-09-08T18:39:04.750Z"}
last message number: 5
admin adminpassword
successful login
user connected to socket
user connected to socket
user1 1234
successful login
user connected to socket
user connected to socket
{"username":"user1","text":"mozga","time":"2022-09-08T18:42:22.370Z"}
last message number: 5
user connected to socket
user connected to socket
user connected to socket
user connected to socket
user connected to socket
user connected to socket
user connected to socket
user connected to socket
user connected to socket
user connected to socket
user connected to socket
user1 1234
successful login
user connected to socket
user connected to socket
user connected to socket
user connected to socket
user connected to socket
user connected to socket
user connected to socket
user connected to socket
user connected to socket
